\BOOKMARK [0][-]{chapter.1}{\376\377\0001\000\040\000l\000i\000b\000a\000v\000o\000i\000d\000:\000\040\000O\000b\000j\000e\000c\000t\000-\000a\000v\000o\000i\000d\000i\000n\000g\000\040\000o\000r\000t\000h\000o\000g\000o\000n\000a\000l\000\040\000a\000n\000d\000\040\000p\000o\000l\000y\000l\000i\000n\000e\000\040\000c\000o\000n\000n\000e\000c\000t\000o\000r\000\040\000r\000o\000u\000t\000i\000n\000g\000\040\000l\000i\000b\000r\000a\000r\000y}{}% 1
\BOOKMARK [0][-]{chapter.2}{\376\377\0002\000\040\000l\000i\000b\000a\000v\000o\000i\000d\000\040\040\024\000\040\000D\000o\000c\000u\000m\000e\000n\000t\000e\000d\000\040\000c\000o\000d\000e\000\040\000e\000x\000a\000m\000p\000l\000e}{}% 2
\BOOKMARK [0][-]{chapter.3}{\376\377\0003\000\040\000N\000a\000m\000e\000s\000p\000a\000c\000e\000\040\000I\000n\000d\000e\000x}{}% 3
\BOOKMARK [1][-]{section.3.1}{\376\377\0003\000.\0001\000\040\000N\000a\000m\000e\000s\000p\000a\000c\000e\000\040\000L\000i\000s\000t}{chapter.3}% 4
\BOOKMARK [0][-]{chapter.4}{\376\377\0004\000\040\000H\000i\000e\000r\000a\000r\000c\000h\000i\000c\000a\000l\000\040\000I\000n\000d\000e\000x}{}% 5
\BOOKMARK [1][-]{section.4.1}{\376\377\0004\000.\0001\000\040\000C\000l\000a\000s\000s\000\040\000H\000i\000e\000r\000a\000r\000c\000h\000y}{chapter.4}% 6
\BOOKMARK [0][-]{chapter.5}{\376\377\0005\000\040\000C\000l\000a\000s\000s\000\040\000I\000n\000d\000e\000x}{}% 7
\BOOKMARK [1][-]{section.5.1}{\376\377\0005\000.\0001\000\040\000C\000l\000a\000s\000s\000\040\000L\000i\000s\000t}{chapter.5}% 8
\BOOKMARK [0][-]{chapter.6}{\376\377\0006\000\040\000F\000i\000l\000e\000\040\000I\000n\000d\000e\000x}{}% 9
\BOOKMARK [1][-]{section.6.1}{\376\377\0006\000.\0001\000\040\000F\000i\000l\000e\000\040\000L\000i\000s\000t}{chapter.6}% 10
\BOOKMARK [0][-]{chapter.7}{\376\377\0007\000\040\000N\000a\000m\000e\000s\000p\000a\000c\000e\000\040\000D\000o\000c\000u\000m\000e\000n\000t\000a\000t\000i\000o\000n}{}% 11
\BOOKMARK [1][-]{section.7.1}{\376\377\0007\000.\0001\000\040\000A\000v\000o\000i\000d\000\040\000N\000a\000m\000e\000s\000p\000a\000c\000e\000\040\000R\000e\000f\000e\000r\000e\000n\000c\000e}{chapter.7}% 12
\BOOKMARK [2][-]{subsection.7.1.1}{\376\377\0007\000.\0001\000.\0001\000\040\000D\000e\000t\000a\000i\000l\000e\000d\000\040\000D\000e\000s\000c\000r\000i\000p\000t\000i\000o\000n}{section.7.1}% 13
\BOOKMARK [2][-]{subsection.7.1.2}{\376\377\0007\000.\0001\000.\0002\000\040\000E\000n\000u\000m\000e\000r\000a\000t\000i\000o\000n\000\040\000T\000y\000p\000e\000\040\000D\000o\000c\000u\000m\000e\000n\000t\000a\000t\000i\000o\000n}{section.7.1}% 14
\BOOKMARK [3][-]{subsubsection.7.1.2.1}{\376\377\0007\000.\0001\000.\0002\000.\0001\000\040\000C\000o\000n\000n\000D\000i\000r\000F\000l\000a\000g}{subsection.7.1.2}% 15
\BOOKMARK [3][-]{subsubsection.7.1.2.2}{\376\377\0007\000.\0001\000.\0002\000.\0002\000\040\000C\000o\000n\000n\000E\000n\000d\000T\000y\000p\000e}{subsection.7.1.2}% 16
\BOOKMARK [3][-]{subsubsection.7.1.2.3}{\376\377\0007\000.\0001\000.\0002\000.\0003\000\040\000C\000o\000n\000n\000T\000y\000p\000e}{subsection.7.1.2}% 17
\BOOKMARK [3][-]{subsubsection.7.1.2.4}{\376\377\0007\000.\0001\000.\0002\000.\0004\000\040\000R\000o\000u\000t\000e\000r\000F\000l\000a\000g}{subsection.7.1.2}% 18
\BOOKMARK [3][-]{subsubsection.7.1.2.5}{\376\377\0007\000.\0001\000.\0002\000.\0005\000\040\000R\000o\000u\000t\000i\000n\000g\000O\000p\000t\000i\000o\000n}{subsection.7.1.2}% 19
\BOOKMARK [3][-]{subsubsection.7.1.2.6}{\376\377\0007\000.\0001\000.\0002\000.\0006\000\040\000R\000o\000u\000t\000i\000n\000g\000P\000a\000r\000a\000m\000e\000t\000e\000r}{subsection.7.1.2}% 20
\BOOKMARK [3][-]{subsubsection.7.1.2.7}{\376\377\0007\000.\0001\000.\0002\000.\0007\000\040\000S\000h\000a\000p\000e\000T\000r\000a\000n\000s\000f\000o\000r\000m\000a\000t\000i\000o\000n\000T\000y\000p\000e}{subsection.7.1.2}% 21
\BOOKMARK [3][-]{subsubsection.7.1.2.8}{\376\377\0007\000.\0001\000.\0002\000.\0008\000\040\000T\000r\000a\000n\000s\000a\000c\000t\000i\000o\000n\000P\000h\000a\000s\000e\000s}{subsection.7.1.2}% 22
\BOOKMARK [0][-]{chapter.8}{\376\377\0008\000\040\000C\000l\000a\000s\000s\000\040\000D\000o\000c\000u\000m\000e\000n\000t\000a\000t\000i\000o\000n}{}% 23
\BOOKMARK [1][-]{section.8.1}{\376\377\0008\000.\0001\000\040\000A\000v\000o\000i\000d\000:\000:\000B\000o\000x\000\040\000C\000l\000a\000s\000s\000\040\000R\000e\000f\000e\000r\000e\000n\000c\000e}{chapter.8}% 24
\BOOKMARK [2][-]{subsection.8.1.1}{\376\377\0008\000.\0001\000.\0001\000\040\000D\000e\000t\000a\000i\000l\000e\000d\000\040\000D\000e\000s\000c\000r\000i\000p\000t\000i\000o\000n}{section.8.1}% 25
\BOOKMARK [1][-]{section.8.2}{\376\377\0008\000.\0002\000\040\000A\000v\000o\000i\000d\000:\000:\000C\000h\000e\000c\000k\000p\000o\000i\000n\000t\000\040\000C\000l\000a\000s\000s\000\040\000R\000e\000f\000e\000r\000e\000n\000c\000e}{chapter.8}% 26
\BOOKMARK [2][-]{subsection.8.2.1}{\376\377\0008\000.\0002\000.\0001\000\040\000D\000e\000t\000a\000i\000l\000e\000d\000\040\000D\000e\000s\000c\000r\000i\000p\000t\000i\000o\000n}{section.8.2}% 27
\BOOKMARK [2][-]{subsection.8.2.2}{\376\377\0008\000.\0002\000.\0002\000\040\000C\000o\000n\000s\000t\000r\000u\000c\000t\000o\000r\000\040\000\046\000\040\000D\000e\000s\000t\000r\000u\000c\000t\000o\000r\000\040\000D\000o\000c\000u\000m\000e\000n\000t\000a\000t\000i\000o\000n}{section.8.2}% 28
\BOOKMARK [3][-]{subsubsection.8.2.2.1}{\376\377\0008\000.\0002\000.\0002\000.\0001\000\040\000C\000h\000e\000c\000k\000p\000o\000i\000n\000t\000\050\000\051\000\040\000[\0001\000/\0002\000]}{subsection.8.2.2}% 29
\BOOKMARK [3][-]{subsubsection.8.2.2.2}{\376\377\0008\000.\0002\000.\0002\000.\0002\000\040\000C\000h\000e\000c\000k\000p\000o\000i\000n\000t\000\050\000\051\000\040\000[\0002\000/\0002\000]}{subsection.8.2.2}% 30
\BOOKMARK [1][-]{section.8.3}{\376\377\0008\000.\0003\000\040\000A\000v\000o\000i\000d\000:\000:\000C\000l\000u\000s\000t\000e\000r\000R\000e\000f\000\040\000C\000l\000a\000s\000s\000\040\000R\000e\000f\000e\000r\000e\000n\000c\000e}{chapter.8}% 31
\BOOKMARK [2][-]{subsection.8.3.1}{\376\377\0008\000.\0003\000.\0001\000\040\000D\000e\000t\000a\000i\000l\000e\000d\000\040\000D\000e\000s\000c\000r\000i\000p\000t\000i\000o\000n}{section.8.3}% 32
\BOOKMARK [2][-]{subsection.8.3.2}{\376\377\0008\000.\0003\000.\0002\000\040\000C\000o\000n\000s\000t\000r\000u\000c\000t\000o\000r\000\040\000\046\000\040\000D\000e\000s\000t\000r\000u\000c\000t\000o\000r\000\040\000D\000o\000c\000u\000m\000e\000n\000t\000a\000t\000i\000o\000n}{section.8.3}% 33
\BOOKMARK [3][-]{subsubsection.8.3.2.1}{\376\377\0008\000.\0003\000.\0002\000.\0001\000\040\000C\000l\000u\000s\000t\000e\000r\000R\000e\000f\000\050\000\051}{subsection.8.3.2}% 34
\BOOKMARK [2][-]{subsection.8.3.3}{\376\377\0008\000.\0003\000.\0003\000\040\000M\000e\000m\000b\000e\000r\000\040\000F\000u\000n\000c\000t\000i\000o\000n\000\040\000D\000o\000c\000u\000m\000e\000n\000t\000a\000t\000i\000o\000n}{section.8.3}% 35
\BOOKMARK [3][-]{subsubsection.8.3.3.1}{\376\377\0008\000.\0003\000.\0003\000.\0001\000\040\000i\000d\000\050\000\051}{subsection.8.3.3}% 36
\BOOKMARK [3][-]{subsubsection.8.3.3.2}{\376\377\0008\000.\0003\000.\0003\000.\0002\000\040\000p\000o\000l\000y\000g\000o\000n\000\050\000\051}{subsection.8.3.3}% 37
\BOOKMARK [3][-]{subsubsection.8.3.3.3}{\376\377\0008\000.\0003\000.\0003\000.\0003\000\040\000r\000e\000c\000t\000a\000n\000g\000u\000l\000a\000r\000P\000o\000l\000y\000g\000o\000n\000\050\000\051}{subsection.8.3.3}% 38
\BOOKMARK [3][-]{subsubsection.8.3.3.4}{\376\377\0008\000.\0003\000.\0003\000.\0004\000\040\000r\000o\000u\000t\000e\000r\000\050\000\051}{subsection.8.3.3}% 39
\BOOKMARK [3][-]{subsubsection.8.3.3.5}{\376\377\0008\000.\0003\000.\0003\000.\0005\000\040\000s\000e\000t\000N\000e\000w\000P\000o\000l\000y\000\050\000\051}{subsection.8.3.3}% 40
\BOOKMARK [1][-]{section.8.4}{\376\377\0008\000.\0004\000\040\000A\000v\000o\000i\000d\000:\000:\000C\000o\000n\000n\000E\000n\000d\000\040\000C\000l\000a\000s\000s\000\040\000R\000e\000f\000e\000r\000e\000n\000c\000e}{chapter.8}% 41
\BOOKMARK [2][-]{subsection.8.4.1}{\376\377\0008\000.\0004\000.\0001\000\040\000D\000e\000t\000a\000i\000l\000e\000d\000\040\000D\000e\000s\000c\000r\000i\000p\000t\000i\000o\000n}{section.8.4}% 42
\BOOKMARK [2][-]{subsection.8.4.2}{\376\377\0008\000.\0004\000.\0002\000\040\000C\000o\000n\000s\000t\000r\000u\000c\000t\000o\000r\000\040\000\046\000\040\000D\000e\000s\000t\000r\000u\000c\000t\000o\000r\000\040\000D\000o\000c\000u\000m\000e\000n\000t\000a\000t\000i\000o\000n}{section.8.4}% 43
\BOOKMARK [3][-]{subsubsection.8.4.2.1}{\376\377\0008\000.\0004\000.\0002\000.\0001\000\040\000C\000o\000n\000n\000E\000n\000d\000\050\000\051\000\040\000[\0001\000/\0004\000]}{subsection.8.4.2}% 44
\BOOKMARK [3][-]{subsubsection.8.4.2.2}{\376\377\0008\000.\0004\000.\0002\000.\0002\000\040\000C\000o\000n\000n\000E\000n\000d\000\050\000\051\000\040\000[\0002\000/\0004\000]}{subsection.8.4.2}% 45
\BOOKMARK [3][-]{subsubsection.8.4.2.3}{\376\377\0008\000.\0004\000.\0002\000.\0003\000\040\000C\000o\000n\000n\000E\000n\000d\000\050\000\051\000\040\000[\0003\000/\0004\000]}{subsection.8.4.2}% 46
\BOOKMARK [3][-]{subsubsection.8.4.2.4}{\376\377\0008\000.\0004\000.\0002\000.\0004\000\040\000C\000o\000n\000n\000E\000n\000d\000\050\000\051\000\040\000[\0004\000/\0004\000]}{subsection.8.4.2}% 47
\BOOKMARK [2][-]{subsection.8.4.3}{\376\377\0008\000.\0004\000.\0003\000\040\000M\000e\000m\000b\000e\000r\000\040\000F\000u\000n\000c\000t\000i\000o\000n\000\040\000D\000o\000c\000u\000m\000e\000n\000t\000a\000t\000i\000o\000n}{section.8.4}% 48
\BOOKMARK [3][-]{subsubsection.8.4.3.1}{\376\377\0008\000.\0004\000.\0003\000.\0001\000\040\000d\000i\000r\000e\000c\000t\000i\000o\000n\000s\000\050\000\051}{subsection.8.4.3}% 49
\BOOKMARK [3][-]{subsubsection.8.4.3.2}{\376\377\0008\000.\0004\000.\0003\000.\0002\000\040\000j\000u\000n\000c\000t\000i\000o\000n\000\050\000\051}{subsection.8.4.3}% 50
\BOOKMARK [3][-]{subsubsection.8.4.3.3}{\376\377\0008\000.\0004\000.\0003\000.\0003\000\040\000p\000i\000n\000C\000l\000a\000s\000s\000I\000d\000\050\000\051}{subsection.8.4.3}% 51
\BOOKMARK [3][-]{subsubsection.8.4.3.4}{\376\377\0008\000.\0004\000.\0003\000.\0004\000\040\000p\000o\000s\000i\000t\000i\000o\000n\000\050\000\051}{subsection.8.4.3}% 52
\BOOKMARK [3][-]{subsubsection.8.4.3.5}{\376\377\0008\000.\0004\000.\0003\000.\0005\000\040\000s\000h\000a\000p\000e\000\050\000\051}{subsection.8.4.3}% 53
\BOOKMARK [3][-]{subsubsection.8.4.3.6}{\376\377\0008\000.\0004\000.\0003\000.\0006\000\040\000t\000y\000p\000e\000\050\000\051}{subsection.8.4.3}% 54
\BOOKMARK [1][-]{section.8.5}{\376\377\0008\000.\0005\000\040\000A\000v\000o\000i\000d\000:\000:\000C\000o\000n\000n\000R\000e\000f\000\040\000C\000l\000a\000s\000s\000\040\000R\000e\000f\000e\000r\000e\000n\000c\000e}{chapter.8}% 55
\BOOKMARK [2][-]{subsection.8.5.1}{\376\377\0008\000.\0005\000.\0001\000\040\000D\000e\000t\000a\000i\000l\000e\000d\000\040\000D\000e\000s\000c\000r\000i\000p\000t\000i\000o\000n}{section.8.5}% 56
\BOOKMARK [2][-]{subsection.8.5.2}{\376\377\0008\000.\0005\000.\0002\000\040\000C\000o\000n\000s\000t\000r\000u\000c\000t\000o\000r\000\040\000\046\000\040\000D\000e\000s\000t\000r\000u\000c\000t\000o\000r\000\040\000D\000o\000c\000u\000m\000e\000n\000t\000a\000t\000i\000o\000n}{section.8.5}% 57
\BOOKMARK [3][-]{subsubsection.8.5.2.1}{\376\377\0008\000.\0005\000.\0002\000.\0001\000\040\000C\000o\000n\000n\000R\000e\000f\000\050\000\051\000\040\000[\0001\000/\0002\000]}{subsection.8.5.2}% 58
\BOOKMARK [3][-]{subsubsection.8.5.2.2}{\376\377\0008\000.\0005\000.\0002\000.\0002\000\040\000C\000o\000n\000n\000R\000e\000f\000\050\000\051\000\040\000[\0002\000/\0002\000]}{subsection.8.5.2}% 59
\BOOKMARK [3][-]{subsubsection.8.5.2.3}{\376\377\0008\000.\0005\000.\0002\000.\0003\000\040\000\040\000C\000o\000n\000n\000R\000e\000f\000\050\000\051}{subsection.8.5.2}% 60
\BOOKMARK [2][-]{subsection.8.5.3}{\376\377\0008\000.\0005\000.\0003\000\040\000M\000e\000m\000b\000e\000r\000\040\000F\000u\000n\000c\000t\000i\000o\000n\000\040\000D\000o\000c\000u\000m\000e\000n\000t\000a\000t\000i\000o\000n}{section.8.5}% 61
\BOOKMARK [3][-]{subsubsection.8.5.3.1}{\376\377\0008\000.\0005\000.\0003\000.\0001\000\040\000c\000l\000e\000a\000r\000F\000i\000x\000e\000d\000R\000o\000u\000t\000e\000\050\000\051}{subsection.8.5.3}% 62
\BOOKMARK [3][-]{subsubsection.8.5.3.2}{\376\377\0008\000.\0005\000.\0003\000.\0002\000\040\000d\000i\000s\000p\000l\000a\000y\000R\000o\000u\000t\000e\000\050\000\051}{subsection.8.5.3}% 63
\BOOKMARK [3][-]{subsubsection.8.5.3.3}{\376\377\0008\000.\0005\000.\0003\000.\0003\000\040\000e\000n\000d\000p\000o\000i\000n\000t\000C\000o\000n\000n\000E\000n\000d\000s\000\050\000\051}{subsection.8.5.3}% 64
\BOOKMARK [3][-]{subsubsection.8.5.3.4}{\376\377\0008\000.\0005\000.\0003\000.\0004\000\040\000h\000a\000s\000F\000i\000x\000e\000d\000R\000o\000u\000t\000e\000\050\000\051}{subsection.8.5.3}% 65
\BOOKMARK [3][-]{subsubsection.8.5.3.5}{\376\377\0008\000.\0005\000.\0003\000.\0005\000\040\000i\000d\000\050\000\051}{subsection.8.5.3}% 66
\BOOKMARK [3][-]{subsubsection.8.5.3.6}{\376\377\0008\000.\0005\000.\0003\000.\0006\000\040\000n\000e\000e\000d\000s\000R\000e\000p\000a\000i\000n\000t\000\050\000\051}{subsection.8.5.3}% 67
\BOOKMARK [3][-]{subsubsection.8.5.3.7}{\376\377\0008\000.\0005\000.\0003\000.\0007\000\040\000r\000o\000u\000t\000e\000\050\000\051}{subsection.8.5.3}% 68
\BOOKMARK [3][-]{subsubsection.8.5.3.8}{\376\377\0008\000.\0005\000.\0003\000.\0008\000\040\000r\000o\000u\000t\000e\000r\000\050\000\051}{subsection.8.5.3}% 69
\BOOKMARK [3][-]{subsubsection.8.5.3.9}{\376\377\0008\000.\0005\000.\0003\000.\0009\000\040\000r\000o\000u\000t\000i\000n\000g\000C\000h\000e\000c\000k\000p\000o\000i\000n\000t\000s\000\050\000\051}{subsection.8.5.3}% 70
\BOOKMARK [3][-]{subsubsection.8.5.3.10}{\376\377\0008\000.\0005\000.\0003\000.\0001\0000\000\040\000r\000o\000u\000t\000i\000n\000g\000T\000y\000p\000e\000\050\000\051}{subsection.8.5.3}% 71
\BOOKMARK [3][-]{subsubsection.8.5.3.11}{\376\377\0008\000.\0005\000.\0003\000.\0001\0001\000\040\000s\000e\000t\000C\000a\000l\000l\000b\000a\000c\000k\000\050\000\051}{subsection.8.5.3}% 72
\BOOKMARK [3][-]{subsubsection.8.5.3.12}{\376\377\0008\000.\0005\000.\0003\000.\0001\0002\000\040\000s\000e\000t\000D\000e\000s\000t\000E\000n\000d\000p\000o\000i\000n\000t\000\050\000\051}{subsection.8.5.3}% 73
\BOOKMARK [3][-]{subsubsection.8.5.3.13}{\376\377\0008\000.\0005\000.\0003\000.\0001\0003\000\040\000s\000e\000t\000E\000n\000d\000p\000o\000i\000n\000t\000s\000\050\000\051}{subsection.8.5.3}% 74
\BOOKMARK [3][-]{subsubsection.8.5.3.14}{\376\377\0008\000.\0005\000.\0003\000.\0001\0004\000\040\000s\000e\000t\000F\000i\000x\000e\000d\000E\000x\000i\000s\000t\000i\000n\000g\000R\000o\000u\000t\000e\000\050\000\051}{subsection.8.5.3}% 75
\BOOKMARK [3][-]{subsubsection.8.5.3.15}{\376\377\0008\000.\0005\000.\0003\000.\0001\0005\000\040\000s\000e\000t\000F\000i\000x\000e\000d\000R\000o\000u\000t\000e\000\050\000\051}{subsection.8.5.3}% 76
\BOOKMARK [3][-]{subsubsection.8.5.3.16}{\376\377\0008\000.\0005\000.\0003\000.\0001\0006\000\040\000s\000e\000t\000R\000o\000u\000t\000i\000n\000g\000C\000h\000e\000c\000k\000p\000o\000i\000n\000t\000s\000\050\000\051}{subsection.8.5.3}% 77
\BOOKMARK [3][-]{subsubsection.8.5.3.17}{\376\377\0008\000.\0005\000.\0003\000.\0001\0007\000\040\000s\000e\000t\000R\000o\000u\000t\000i\000n\000g\000T\000y\000p\000e\000\050\000\051}{subsection.8.5.3}% 78
\BOOKMARK [3][-]{subsubsection.8.5.3.18}{\376\377\0008\000.\0005\000.\0003\000.\0001\0008\000\040\000s\000e\000t\000S\000o\000u\000r\000c\000e\000E\000n\000d\000p\000o\000i\000n\000t\000\050\000\051}{subsection.8.5.3}% 79
\BOOKMARK [3][-]{subsubsection.8.5.3.19}{\376\377\0008\000.\0005\000.\0003\000.\0001\0009\000\040\000s\000p\000l\000i\000t\000A\000t\000S\000e\000g\000m\000e\000n\000t\000\050\000\051}{subsection.8.5.3}% 80
\BOOKMARK [1][-]{section.8.6}{\376\377\0008\000.\0006\000\040\000A\000v\000o\000i\000d\000:\000:\000E\000d\000g\000e\000\040\000C\000l\000a\000s\000s\000\040\000R\000e\000f\000e\000r\000e\000n\000c\000e}{chapter.8}% 81
\BOOKMARK [2][-]{subsection.8.6.1}{\376\377\0008\000.\0006\000.\0001\000\040\000D\000e\000t\000a\000i\000l\000e\000d\000\040\000D\000e\000s\000c\000r\000i\000p\000t\000i\000o\000n}{section.8.6}% 82
\BOOKMARK [1][-]{section.8.7}{\376\377\0008\000.\0007\000\040\000A\000v\000o\000i\000d\000:\000:\000H\000y\000p\000e\000r\000e\000d\000g\000e\000N\000e\000w\000A\000n\000d\000D\000e\000l\000e\000t\000e\000d\000O\000b\000j\000e\000c\000t\000L\000i\000s\000t\000s\000\040\000S\000t\000r\000u\000c\000t\000\040\000R\000e\000f\000e\000r\000e\000n\000c\000e}{chapter.8}% 83
\BOOKMARK [2][-]{subsection.8.7.1}{\376\377\0008\000.\0007\000.\0001\000\040\000D\000e\000t\000a\000i\000l\000e\000d\000\040\000D\000e\000s\000c\000r\000i\000p\000t\000i\000o\000n}{section.8.7}% 84
\BOOKMARK [1][-]{section.8.8}{\376\377\0008\000.\0008\000\040\000A\000v\000o\000i\000d\000:\000:\000H\000y\000p\000e\000r\000e\000d\000g\000e\000R\000e\000r\000o\000u\000t\000e\000r\000\040\000C\000l\000a\000s\000s\000\040\000R\000e\000f\000e\000r\000e\000n\000c\000e}{chapter.8}% 85
\BOOKMARK [2][-]{subsection.8.8.1}{\376\377\0008\000.\0008\000.\0001\000\040\000D\000e\000t\000a\000i\000l\000e\000d\000\040\000D\000e\000s\000c\000r\000i\000p\000t\000i\000o\000n}{section.8.8}% 86
\BOOKMARK [2][-]{subsection.8.8.2}{\376\377\0008\000.\0008\000.\0002\000\040\000C\000o\000n\000s\000t\000r\000u\000c\000t\000o\000r\000\040\000\046\000\040\000D\000e\000s\000t\000r\000u\000c\000t\000o\000r\000\040\000D\000o\000c\000u\000m\000e\000n\000t\000a\000t\000i\000o\000n}{section.8.8}% 87
\BOOKMARK [3][-]{subsubsection.8.8.2.1}{\376\377\0008\000.\0008\000.\0002\000.\0001\000\040\000H\000y\000p\000e\000r\000e\000d\000g\000e\000R\000e\000r\000o\000u\000t\000e\000r\000\050\000\051}{subsection.8.8.2}% 88
\BOOKMARK [2][-]{subsection.8.8.3}{\376\377\0008\000.\0008\000.\0003\000\040\000M\000e\000m\000b\000e\000r\000\040\000F\000u\000n\000c\000t\000i\000o\000n\000\040\000D\000o\000c\000u\000m\000e\000n\000t\000a\000t\000i\000o\000n}{section.8.8}% 89
\BOOKMARK [3][-]{subsubsection.8.8.3.1}{\376\377\0008\000.\0008\000.\0003\000.\0001\000\040\000n\000e\000w\000A\000n\000d\000D\000e\000l\000e\000t\000e\000d\000O\000b\000j\000e\000c\000t\000L\000i\000s\000t\000s\000\050\000\051}{subsection.8.8.3}% 90
\BOOKMARK [3][-]{subsubsection.8.8.3.2}{\376\377\0008\000.\0008\000.\0003\000.\0002\000\040\000r\000e\000g\000i\000s\000t\000e\000r\000H\000y\000p\000e\000r\000e\000d\000g\000e\000F\000o\000r\000R\000e\000r\000o\000u\000t\000i\000n\000g\000\050\000\051\000\040\000[\0001\000/\0002\000]}{subsection.8.8.3}% 91
\BOOKMARK [3][-]{subsubsection.8.8.3.3}{\376\377\0008\000.\0008\000.\0003\000.\0003\000\040\000r\000e\000g\000i\000s\000t\000e\000r\000H\000y\000p\000e\000r\000e\000d\000g\000e\000F\000o\000r\000R\000e\000r\000o\000u\000t\000i\000n\000g\000\050\000\051\000\040\000[\0002\000/\0002\000]}{subsection.8.8.3}% 92
\BOOKMARK [1][-]{section.8.9}{\376\377\0008\000.\0009\000\040\000A\000v\000o\000i\000d\000:\000:\000J\000u\000n\000c\000t\000i\000o\000n\000R\000e\000f\000\040\000C\000l\000a\000s\000s\000\040\000R\000e\000f\000e\000r\000e\000n\000c\000e}{chapter.8}% 93
\BOOKMARK [2][-]{subsection.8.9.1}{\376\377\0008\000.\0009\000.\0001\000\040\000D\000e\000t\000a\000i\000l\000e\000d\000\040\000D\000e\000s\000c\000r\000i\000p\000t\000i\000o\000n}{section.8.9}% 94
\BOOKMARK [2][-]{subsection.8.9.2}{\376\377\0008\000.\0009\000.\0002\000\040\000C\000o\000n\000s\000t\000r\000u\000c\000t\000o\000r\000\040\000\046\000\040\000D\000e\000s\000t\000r\000u\000c\000t\000o\000r\000\040\000D\000o\000c\000u\000m\000e\000n\000t\000a\000t\000i\000o\000n}{section.8.9}% 95
\BOOKMARK [3][-]{subsubsection.8.9.2.1}{\376\377\0008\000.\0009\000.\0002\000.\0001\000\040\000J\000u\000n\000c\000t\000i\000o\000n\000R\000e\000f\000\050\000\051}{subsection.8.9.2}% 96
\BOOKMARK [3][-]{subsubsection.8.9.2.2}{\376\377\0008\000.\0009\000.\0002\000.\0002\000\040\000\040\000J\000u\000n\000c\000t\000i\000o\000n\000R\000e\000f\000\050\000\051}{subsection.8.9.2}% 97
\BOOKMARK [2][-]{subsection.8.9.3}{\376\377\0008\000.\0009\000.\0003\000\040\000M\000e\000m\000b\000e\000r\000\040\000F\000u\000n\000c\000t\000i\000o\000n\000\040\000D\000o\000c\000u\000m\000e\000n\000t\000a\000t\000i\000o\000n}{section.8.9}% 98
\BOOKMARK [3][-]{subsubsection.8.9.3.1}{\376\377\0008\000.\0009\000.\0003\000.\0001\000\040\000i\000d\000\050\000\051}{subsection.8.9.3}% 99
\BOOKMARK [3][-]{subsubsection.8.9.3.2}{\376\377\0008\000.\0009\000.\0003\000.\0002\000\040\000p\000o\000l\000y\000g\000o\000n\000\050\000\051}{subsection.8.9.3}% 100
\BOOKMARK [3][-]{subsubsection.8.9.3.3}{\376\377\0008\000.\0009\000.\0003\000.\0003\000\040\000p\000o\000s\000i\000t\000i\000o\000n\000\050\000\051}{subsection.8.9.3}% 101
\BOOKMARK [3][-]{subsubsection.8.9.3.4}{\376\377\0008\000.\0009\000.\0003\000.\0004\000\040\000p\000o\000s\000i\000t\000i\000o\000n\000F\000i\000x\000e\000d\000\050\000\051}{subsection.8.9.3}% 102
\BOOKMARK [3][-]{subsubsection.8.9.3.5}{\376\377\0008\000.\0009\000.\0003\000.\0005\000\040\000r\000e\000c\000o\000m\000m\000e\000n\000d\000e\000d\000P\000o\000s\000i\000t\000i\000o\000n\000\050\000\051}{subsection.8.9.3}% 103
\BOOKMARK [3][-]{subsubsection.8.9.3.6}{\376\377\0008\000.\0009\000.\0003\000.\0006\000\040\000r\000e\000m\000o\000v\000e\000J\000u\000n\000c\000t\000i\000o\000n\000A\000n\000d\000M\000e\000r\000g\000e\000C\000o\000n\000n\000e\000c\000t\000o\000r\000s\000\050\000\051}{subsection.8.9.3}% 104
\BOOKMARK [3][-]{subsubsection.8.9.3.7}{\376\377\0008\000.\0009\000.\0003\000.\0007\000\040\000r\000o\000u\000t\000e\000r\000\050\000\051}{subsection.8.9.3}% 105
\BOOKMARK [3][-]{subsubsection.8.9.3.8}{\376\377\0008\000.\0009\000.\0003\000.\0008\000\040\000s\000e\000t\000P\000o\000s\000i\000t\000i\000o\000n\000F\000i\000x\000e\000d\000\050\000\051}{subsection.8.9.3}% 106
\BOOKMARK [1][-]{section.8.10}{\376\377\0008\000.\0001\0000\000\040\000A\000v\000o\000i\000d\000:\000:\000P\000o\000i\000n\000t\000\040\000C\000l\000a\000s\000s\000\040\000R\000e\000f\000e\000r\000e\000n\000c\000e}{chapter.8}% 107
\BOOKMARK [2][-]{subsection.8.10.1}{\376\377\0008\000.\0001\0000\000.\0001\000\040\000D\000e\000t\000a\000i\000l\000e\000d\000\040\000D\000e\000s\000c\000r\000i\000p\000t\000i\000o\000n}{section.8.10}% 108
\BOOKMARK [2][-]{subsection.8.10.2}{\376\377\0008\000.\0001\0000\000.\0002\000\040\000C\000o\000n\000s\000t\000r\000u\000c\000t\000o\000r\000\040\000\046\000\040\000D\000e\000s\000t\000r\000u\000c\000t\000o\000r\000\040\000D\000o\000c\000u\000m\000e\000n\000t\000a\000t\000i\000o\000n}{section.8.10}% 109
\BOOKMARK [3][-]{subsubsection.8.10.2.1}{\376\377\0008\000.\0001\0000\000.\0002\000.\0001\000\040\000P\000o\000i\000n\000t\000\050\000\051}{subsection.8.10.2}% 110
\BOOKMARK [2][-]{subsection.8.10.3}{\376\377\0008\000.\0001\0000\000.\0003\000\040\000M\000e\000m\000b\000e\000r\000\040\000F\000u\000n\000c\000t\000i\000o\000n\000\040\000D\000o\000c\000u\000m\000e\000n\000t\000a\000t\000i\000o\000n}{section.8.10}% 111
\BOOKMARK [3][-]{subsubsection.8.10.3.1}{\376\377\0008\000.\0001\0000\000.\0003\000.\0001\000\040\000e\000q\000u\000a\000l\000s\000\050\000\051}{subsection.8.10.3}% 112
\BOOKMARK [3][-]{subsubsection.8.10.3.2}{\376\377\0008\000.\0001\0000\000.\0003\000.\0002\000\040\000o\000p\000e\000r\000a\000t\000o\000r\000!\000=\000\050\000\051}{subsection.8.10.3}% 113
\BOOKMARK [3][-]{subsubsection.8.10.3.3}{\376\377\0008\000.\0001\0000\000.\0003\000.\0003\000\040\000o\000p\000e\000r\000a\000t\000o\000r\000<\000\050\000\051}{subsection.8.10.3}% 114
\BOOKMARK [3][-]{subsubsection.8.10.3.4}{\376\377\0008\000.\0001\0000\000.\0003\000.\0004\000\040\000o\000p\000e\000r\000a\000t\000o\000r\000=\000=\000\050\000\051}{subsection.8.10.3}% 115
\BOOKMARK [3][-]{subsubsection.8.10.3.5}{\376\377\0008\000.\0001\0000\000.\0003\000.\0005\000\040\000o\000p\000e\000r\000a\000t\000o\000r\000[\000]\000\050\000\051}{subsection.8.10.3}% 116
\BOOKMARK [1][-]{section.8.11}{\376\377\0008\000.\0001\0001\000\040\000A\000v\000o\000i\000d\000:\000:\000P\000o\000l\000y\000g\000o\000n\000\040\000C\000l\000a\000s\000s\000\040\000R\000e\000f\000e\000r\000e\000n\000c\000e}{chapter.8}% 117
\BOOKMARK [2][-]{subsection.8.11.1}{\376\377\0008\000.\0001\0001\000.\0001\000\040\000D\000e\000t\000a\000i\000l\000e\000d\000\040\000D\000e\000s\000c\000r\000i\000p\000t\000i\000o\000n}{section.8.11}% 118
\BOOKMARK [2][-]{subsection.8.11.2}{\376\377\0008\000.\0001\0001\000.\0002\000\040\000C\000o\000n\000s\000t\000r\000u\000c\000t\000o\000r\000\040\000\046\000\040\000D\000e\000s\000t\000r\000u\000c\000t\000o\000r\000\040\000D\000o\000c\000u\000m\000e\000n\000t\000a\000t\000i\000o\000n}{section.8.11}% 119
\BOOKMARK [3][-]{subsubsection.8.11.2.1}{\376\377\0008\000.\0001\0001\000.\0002\000.\0001\000\040\000P\000o\000l\000y\000g\000o\000n\000\050\000\051\000\040\000[\0001\000/\0002\000]}{subsection.8.11.2}% 120
\BOOKMARK [3][-]{subsubsection.8.11.2.2}{\376\377\0008\000.\0001\0001\000.\0002\000.\0002\000\040\000P\000o\000l\000y\000g\000o\000n\000\050\000\051\000\040\000[\0002\000/\0002\000]}{subsection.8.11.2}% 121
\BOOKMARK [2][-]{subsection.8.11.3}{\376\377\0008\000.\0001\0001\000.\0003\000\040\000M\000e\000m\000b\000e\000r\000\040\000F\000u\000n\000c\000t\000i\000o\000n\000\040\000D\000o\000c\000u\000m\000e\000n\000t\000a\000t\000i\000o\000n}{section.8.11}% 122
\BOOKMARK [3][-]{subsubsection.8.11.3.1}{\376\377\0008\000.\0001\0001\000.\0003\000.\0001\000\040\000a\000t\000\050\000\051}{subsection.8.11.3}% 123
\BOOKMARK [3][-]{subsubsection.8.11.3.2}{\376\377\0008\000.\0001\0001\000.\0003\000.\0002\000\040\000b\000o\000u\000n\000d\000i\000n\000g\000R\000e\000c\000t\000P\000o\000l\000y\000g\000o\000n\000\050\000\051}{subsection.8.11.3}% 124
\BOOKMARK [3][-]{subsubsection.8.11.3.3}{\376\377\0008\000.\0001\0001\000.\0003\000.\0003\000\040\000c\000u\000r\000v\000e\000d\000P\000o\000l\000y\000l\000i\000n\000e\000\050\000\051}{subsection.8.11.3}% 125
\BOOKMARK [3][-]{subsubsection.8.11.3.4}{\376\377\0008\000.\0001\0001\000.\0003\000.\0004\000\040\000o\000f\000f\000s\000e\000t\000B\000o\000u\000n\000d\000i\000n\000g\000B\000o\000x\000\050\000\051}{subsection.8.11.3}% 126
\BOOKMARK [3][-]{subsubsection.8.11.3.5}{\376\377\0008\000.\0001\0001\000.\0003\000.\0005\000\040\000s\000e\000t\000P\000o\000i\000n\000t\000\050\000\051}{subsection.8.11.3}% 127
\BOOKMARK [3][-]{subsubsection.8.11.3.6}{\376\377\0008\000.\0001\0001\000.\0003\000.\0006\000\040\000s\000i\000m\000p\000l\000i\000f\000y\000\050\000\051}{subsection.8.11.3}% 128
\BOOKMARK [3][-]{subsubsection.8.11.3.7}{\376\377\0008\000.\0001\0001\000.\0003\000.\0007\000\040\000t\000r\000a\000n\000s\000l\000a\000t\000e\000\050\000\051}{subsection.8.11.3}% 129
\BOOKMARK [2][-]{subsection.8.11.4}{\376\377\0008\000.\0001\0001\000.\0004\000\040\000M\000e\000m\000b\000e\000r\000\040\000D\000a\000t\000a\000\040\000D\000o\000c\000u\000m\000e\000n\000t\000a\000t\000i\000o\000n}{section.8.11}% 130
\BOOKMARK [3][-]{subsubsection.8.11.4.1}{\376\377\0008\000.\0001\0001\000.\0004\000.\0001\000\040\000t\000s}{subsection.8.11.4}% 131
\BOOKMARK [1][-]{section.8.12}{\376\377\0008\000.\0001\0002\000\040\000A\000v\000o\000i\000d\000:\000:\000P\000o\000l\000y\000g\000o\000n\000I\000n\000t\000e\000r\000f\000a\000c\000e\000\040\000C\000l\000a\000s\000s\000\040\000R\000e\000f\000e\000r\000e\000n\000c\000e}{chapter.8}% 132
\BOOKMARK [2][-]{subsection.8.12.1}{\376\377\0008\000.\0001\0002\000.\0001\000\040\000D\000e\000t\000a\000i\000l\000e\000d\000\040\000D\000e\000s\000c\000r\000i\000p\000t\000i\000o\000n}{section.8.12}% 133
\BOOKMARK [2][-]{subsection.8.12.2}{\376\377\0008\000.\0001\0002\000.\0002\000\040\000M\000e\000m\000b\000e\000r\000\040\000F\000u\000n\000c\000t\000i\000o\000n\000\040\000D\000o\000c\000u\000m\000e\000n\000t\000a\000t\000i\000o\000n}{section.8.12}% 134
\BOOKMARK [3][-]{subsubsection.8.12.2.1}{\376\377\0008\000.\0001\0002\000.\0002\000.\0001\000\040\000a\000t\000\050\000\051}{subsection.8.12.2}% 135
\BOOKMARK [3][-]{subsubsection.8.12.2.2}{\376\377\0008\000.\0001\0002\000.\0002\000.\0002\000\040\000b\000o\000u\000n\000d\000i\000n\000g\000R\000e\000c\000t\000P\000o\000l\000y\000g\000o\000n\000\050\000\051}{subsection.8.12.2}% 136
\BOOKMARK [3][-]{subsubsection.8.12.2.3}{\376\377\0008\000.\0001\0002\000.\0002\000.\0003\000\040\000o\000f\000f\000s\000e\000t\000B\000o\000u\000n\000d\000i\000n\000g\000B\000o\000x\000\050\000\051}{subsection.8.12.2}% 137
\BOOKMARK [1][-]{section.8.13}{\376\377\0008\000.\0001\0003\000\040\000A\000v\000o\000i\000d\000:\000:\000R\000e\000c\000t\000a\000n\000g\000l\000e\000\040\000C\000l\000a\000s\000s\000\040\000R\000e\000f\000e\000r\000e\000n\000c\000e}{chapter.8}% 138
\BOOKMARK [2][-]{subsection.8.13.1}{\376\377\0008\000.\0001\0003\000.\0001\000\040\000D\000e\000t\000a\000i\000l\000e\000d\000\040\000D\000e\000s\000c\000r\000i\000p\000t\000i\000o\000n}{section.8.13}% 139
\BOOKMARK [2][-]{subsection.8.13.2}{\376\377\0008\000.\0001\0003\000.\0002\000\040\000C\000o\000n\000s\000t\000r\000u\000c\000t\000o\000r\000\040\000\046\000\040\000D\000e\000s\000t\000r\000u\000c\000t\000o\000r\000\040\000D\000o\000c\000u\000m\000e\000n\000t\000a\000t\000i\000o\000n}{section.8.13}% 140
\BOOKMARK [3][-]{subsubsection.8.13.2.1}{\376\377\0008\000.\0001\0003\000.\0002\000.\0001\000\040\000R\000e\000c\000t\000a\000n\000g\000l\000e\000\050\000\051\000\040\000[\0001\000/\0002\000]}{subsection.8.13.2}% 141
\BOOKMARK [3][-]{subsubsection.8.13.2.2}{\376\377\0008\000.\0001\0003\000.\0002\000.\0002\000\040\000R\000e\000c\000t\000a\000n\000g\000l\000e\000\050\000\051\000\040\000[\0002\000/\0002\000]}{subsection.8.13.2}% 142
\BOOKMARK [2][-]{subsection.8.13.3}{\376\377\0008\000.\0001\0003\000.\0003\000\040\000M\000e\000m\000b\000e\000r\000\040\000F\000u\000n\000c\000t\000i\000o\000n\000\040\000D\000o\000c\000u\000m\000e\000n\000t\000a\000t\000i\000o\000n}{section.8.13}% 143
\BOOKMARK [3][-]{subsubsection.8.13.3.1}{\376\377\0008\000.\0001\0003\000.\0003\000.\0001\000\040\000a\000t\000\050\000\051}{subsection.8.13.3}% 144
\BOOKMARK [3][-]{subsubsection.8.13.3.2}{\376\377\0008\000.\0001\0003\000.\0003\000.\0002\000\040\000b\000o\000u\000n\000d\000i\000n\000g\000R\000e\000c\000t\000P\000o\000l\000y\000g\000o\000n\000\050\000\051}{subsection.8.13.3}% 145
\BOOKMARK [3][-]{subsubsection.8.13.3.3}{\376\377\0008\000.\0001\0003\000.\0003\000.\0003\000\040\000c\000u\000r\000v\000e\000d\000P\000o\000l\000y\000l\000i\000n\000e\000\050\000\051}{subsection.8.13.3}% 146
\BOOKMARK [3][-]{subsubsection.8.13.3.4}{\376\377\0008\000.\0001\0003\000.\0003\000.\0004\000\040\000o\000f\000f\000s\000e\000t\000B\000o\000u\000n\000d\000i\000n\000g\000B\000o\000x\000\050\000\051}{subsection.8.13.3}% 147
\BOOKMARK [3][-]{subsubsection.8.13.3.5}{\376\377\0008\000.\0001\0003\000.\0003\000.\0005\000\040\000s\000e\000t\000P\000o\000i\000n\000t\000\050\000\051}{subsection.8.13.3}% 148
\BOOKMARK [3][-]{subsubsection.8.13.3.6}{\376\377\0008\000.\0001\0003\000.\0003\000.\0006\000\040\000s\000i\000m\000p\000l\000i\000f\000y\000\050\000\051}{subsection.8.13.3}% 149
\BOOKMARK [3][-]{subsubsection.8.13.3.7}{\376\377\0008\000.\0001\0003\000.\0003\000.\0007\000\040\000t\000r\000a\000n\000s\000l\000a\000t\000e\000\050\000\051}{subsection.8.13.3}% 150
\BOOKMARK [2][-]{subsection.8.13.4}{\376\377\0008\000.\0001\0003\000.\0004\000\040\000M\000e\000m\000b\000e\000r\000\040\000D\000a\000t\000a\000\040\000D\000o\000c\000u\000m\000e\000n\000t\000a\000t\000i\000o\000n}{section.8.13}% 151
\BOOKMARK [3][-]{subsubsection.8.13.4.1}{\376\377\0008\000.\0001\0003\000.\0004\000.\0001\000\040\000t\000s}{subsection.8.13.4}% 152
\BOOKMARK [1][-]{section.8.14}{\376\377\0008\000.\0001\0004\000\040\000A\000v\000o\000i\000d\000:\000:\000R\000e\000f\000e\000r\000e\000n\000c\000i\000n\000g\000P\000o\000l\000y\000g\000o\000n\000\040\000C\000l\000a\000s\000s\000\040\000R\000e\000f\000e\000r\000e\000n\000c\000e}{chapter.8}% 153
\BOOKMARK [2][-]{subsection.8.14.1}{\376\377\0008\000.\0001\0004\000.\0001\000\040\000D\000e\000t\000a\000i\000l\000e\000d\000\040\000D\000e\000s\000c\000r\000i\000p\000t\000i\000o\000n}{section.8.14}% 154
\BOOKMARK [2][-]{subsection.8.14.2}{\376\377\0008\000.\0001\0004\000.\0002\000\040\000M\000e\000m\000b\000e\000r\000\040\000F\000u\000n\000c\000t\000i\000o\000n\000\040\000D\000o\000c\000u\000m\000e\000n\000t\000a\000t\000i\000o\000n}{section.8.14}% 155
\BOOKMARK [3][-]{subsubsection.8.14.2.1}{\376\377\0008\000.\0001\0004\000.\0002\000.\0001\000\040\000a\000t\000\050\000\051}{subsection.8.14.2}% 156
\BOOKMARK [3][-]{subsubsection.8.14.2.2}{\376\377\0008\000.\0001\0004\000.\0002\000.\0002\000\040\000b\000o\000u\000n\000d\000i\000n\000g\000R\000e\000c\000t\000P\000o\000l\000y\000g\000o\000n\000\050\000\051}{subsection.8.14.2}% 157
\BOOKMARK [3][-]{subsubsection.8.14.2.3}{\376\377\0008\000.\0001\0004\000.\0002\000.\0003\000\040\000o\000f\000f\000s\000e\000t\000B\000o\000u\000n\000d\000i\000n\000g\000B\000o\000x\000\050\000\051}{subsection.8.14.2}% 158
\BOOKMARK [1][-]{section.8.15}{\376\377\0008\000.\0001\0005\000\040\000A\000v\000o\000i\000d\000:\000:\000R\000o\000u\000t\000e\000r\000\040\000C\000l\000a\000s\000s\000\040\000R\000e\000f\000e\000r\000e\000n\000c\000e}{chapter.8}% 159
\BOOKMARK [2][-]{subsection.8.15.1}{\376\377\0008\000.\0001\0005\000.\0001\000\040\000D\000e\000t\000a\000i\000l\000e\000d\000\040\000D\000e\000s\000c\000r\000i\000p\000t\000i\000o\000n}{section.8.15}% 160
\BOOKMARK [2][-]{subsection.8.15.2}{\376\377\0008\000.\0001\0005\000.\0002\000\040\000C\000o\000n\000s\000t\000r\000u\000c\000t\000o\000r\000\040\000\046\000\040\000D\000e\000s\000t\000r\000u\000c\000t\000o\000r\000\040\000D\000o\000c\000u\000m\000e\000n\000t\000a\000t\000i\000o\000n}{section.8.15}% 161
\BOOKMARK [3][-]{subsubsection.8.15.2.1}{\376\377\0008\000.\0001\0005\000.\0002\000.\0001\000\040\000R\000o\000u\000t\000e\000r\000\050\000\051}{subsection.8.15.2}% 162
\BOOKMARK [3][-]{subsubsection.8.15.2.2}{\376\377\0008\000.\0001\0005\000.\0002\000.\0002\000\040\000\040\000R\000o\000u\000t\000e\000r\000\050\000\051}{subsection.8.15.2}% 163
\BOOKMARK [2][-]{subsection.8.15.3}{\376\377\0008\000.\0001\0005\000.\0003\000\040\000M\000e\000m\000b\000e\000r\000\040\000F\000u\000n\000c\000t\000i\000o\000n\000\040\000D\000o\000c\000u\000m\000e\000n\000t\000a\000t\000i\000o\000n}{section.8.15}% 164
\BOOKMARK [3][-]{subsubsection.8.15.3.1}{\376\377\0008\000.\0001\0005\000.\0003\000.\0001\000\040\000d\000e\000l\000e\000t\000e\000C\000o\000n\000n\000e\000c\000t\000o\000r\000\050\000\051}{subsection.8.15.3}% 165
\BOOKMARK [3][-]{subsubsection.8.15.3.2}{\376\377\0008\000.\0001\0005\000.\0003\000.\0002\000\040\000d\000e\000l\000e\000t\000e\000J\000u\000n\000c\000t\000i\000o\000n\000\050\000\051}{subsection.8.15.3}% 166
\BOOKMARK [3][-]{subsubsection.8.15.3.3}{\376\377\0008\000.\0001\0005\000.\0003\000.\0003\000\040\000d\000e\000l\000e\000t\000e\000S\000h\000a\000p\000e\000\050\000\051}{subsection.8.15.3}% 167
\BOOKMARK [3][-]{subsubsection.8.15.3.4}{\376\377\0008\000.\0001\0005\000.\0003\000.\0004\000\040\000h\000y\000p\000e\000r\000e\000d\000g\000e\000R\000e\000r\000o\000u\000t\000e\000r\000\050\000\051}{subsection.8.15.3}% 168
\BOOKMARK [3][-]{subsubsection.8.15.3.5}{\376\377\0008\000.\0001\0005\000.\0003\000.\0005\000\040\000m\000o\000v\000e\000J\000u\000n\000c\000t\000i\000o\000n\000\050\000\051\000\040\000[\0001\000/\0002\000]}{subsection.8.15.3}% 169
\BOOKMARK [3][-]{subsubsection.8.15.3.6}{\376\377\0008\000.\0001\0005\000.\0003\000.\0006\000\040\000m\000o\000v\000e\000J\000u\000n\000c\000t\000i\000o\000n\000\050\000\051\000\040\000[\0002\000/\0002\000]}{subsection.8.15.3}% 170
\BOOKMARK [3][-]{subsubsection.8.15.3.7}{\376\377\0008\000.\0001\0005\000.\0003\000.\0007\000\040\000m\000o\000v\000e\000S\000h\000a\000p\000e\000\050\000\051\000\040\000[\0001\000/\0002\000]}{subsection.8.15.3}% 171
\BOOKMARK [3][-]{subsubsection.8.15.3.8}{\376\377\0008\000.\0001\0005\000.\0003\000.\0008\000\040\000m\000o\000v\000e\000S\000h\000a\000p\000e\000\050\000\051\000\040\000[\0002\000/\0002\000]}{subsection.8.15.3}% 172
\BOOKMARK [3][-]{subsubsection.8.15.3.9}{\376\377\0008\000.\0001\0005\000.\0003\000.\0009\000\040\000n\000e\000w\000A\000n\000d\000D\000e\000l\000e\000t\000e\000d\000O\000b\000j\000e\000c\000t\000L\000i\000s\000t\000s\000F\000r\000o\000m\000H\000y\000p\000e\000r\000e\000d\000g\000e\000I\000m\000p\000r\000o\000v\000e\000m\000e\000n\000t\000\050\000\051}{subsection.8.15.3}% 173
\BOOKMARK [3][-]{subsubsection.8.15.3.10}{\376\377\0008\000.\0001\0005\000.\0003\000.\0001\0000\000\040\000n\000e\000w\000O\000b\000j\000e\000c\000t\000I\000d\000\050\000\051}{subsection.8.15.3}% 174
\BOOKMARK [3][-]{subsubsection.8.15.3.11}{\376\377\0008\000.\0001\0005\000.\0003\000.\0001\0001\000\040\000o\000b\000j\000e\000c\000t\000I\000d\000I\000s\000U\000n\000u\000s\000e\000d\000\050\000\051}{subsection.8.15.3}% 175
\BOOKMARK [3][-]{subsubsection.8.15.3.12}{\376\377\0008\000.\0001\0005\000.\0003\000.\0001\0002\000\040\000o\000u\000t\000p\000u\000t\000I\000n\000s\000t\000a\000n\000c\000e\000T\000o\000S\000V\000G\000\050\000\051}{subsection.8.15.3}% 176
\BOOKMARK [3][-]{subsubsection.8.15.3.13}{\376\377\0008\000.\0001\0005\000.\0003\000.\0001\0003\000\040\000p\000r\000o\000c\000e\000s\000s\000T\000r\000a\000n\000s\000a\000c\000t\000i\000o\000n\000\050\000\051}{subsection.8.15.3}% 177
\BOOKMARK [3][-]{subsubsection.8.15.3.14}{\376\377\0008\000.\0001\0005\000.\0003\000.\0001\0004\000\040\000r\000o\000u\000t\000i\000n\000g\000O\000p\000t\000i\000o\000n\000\050\000\051}{subsection.8.15.3}% 178
\BOOKMARK [3][-]{subsubsection.8.15.3.15}{\376\377\0008\000.\0001\0005\000.\0003\000.\0001\0005\000\040\000r\000o\000u\000t\000i\000n\000g\000P\000a\000r\000a\000m\000e\000t\000e\000r\000\050\000\051}{subsection.8.15.3}% 179
\BOOKMARK [3][-]{subsubsection.8.15.3.16}{\376\377\0008\000.\0001\0005\000.\0003\000.\0001\0006\000\040\000s\000e\000t\000R\000o\000u\000t\000i\000n\000g\000O\000p\000t\000i\000o\000n\000\050\000\051}{subsection.8.15.3}% 180
\BOOKMARK [3][-]{subsubsection.8.15.3.17}{\376\377\0008\000.\0001\0005\000.\0003\000.\0001\0007\000\040\000s\000e\000t\000R\000o\000u\000t\000i\000n\000g\000P\000a\000r\000a\000m\000e\000t\000e\000r\000\050\000\051}{subsection.8.15.3}% 181
\BOOKMARK [3][-]{subsubsection.8.15.3.18}{\376\377\0008\000.\0001\0005\000.\0003\000.\0001\0008\000\040\000s\000e\000t\000R\000o\000u\000t\000i\000n\000g\000P\000e\000n\000a\000l\000t\000y\000\050\000\051}{subsection.8.15.3}% 182
\BOOKMARK [3][-]{subsubsection.8.15.3.19}{\376\377\0008\000.\0001\0005\000.\0003\000.\0001\0009\000\040\000s\000e\000t\000T\000o\000p\000o\000l\000o\000g\000y\000A\000d\000d\000o\000n\000\050\000\051}{subsection.8.15.3}% 183
\BOOKMARK [3][-]{subsubsection.8.15.3.20}{\376\377\0008\000.\0001\0005\000.\0003\000.\0002\0000\000\040\000s\000e\000t\000T\000r\000a\000n\000s\000a\000c\000t\000i\000o\000n\000U\000s\000e\000\050\000\051}{subsection.8.15.3}% 184
\BOOKMARK [3][-]{subsubsection.8.15.3.21}{\376\377\0008\000.\0001\0005\000.\0003\000.\0002\0001\000\040\000s\000h\000o\000u\000l\000d\000C\000o\000n\000t\000i\000n\000u\000e\000T\000r\000a\000n\000s\000a\000c\000t\000i\000o\000n\000W\000i\000t\000h\000P\000r\000o\000g\000r\000e\000s\000s\000\050\000\051}{subsection.8.15.3}% 185
\BOOKMARK [3][-]{subsubsection.8.15.3.22}{\376\377\0008\000.\0001\0005\000.\0003\000.\0002\0002\000\040\000t\000r\000a\000n\000s\000a\000c\000t\000i\000o\000n\000U\000s\000e\000\050\000\051}{subsection.8.15.3}% 186
\BOOKMARK [1][-]{section.8.16}{\376\377\0008\000.\0001\0006\000\040\000A\000v\000o\000i\000d\000:\000:\000S\000h\000a\000p\000e\000C\000o\000n\000n\000e\000c\000t\000i\000o\000n\000P\000i\000n\000\040\000C\000l\000a\000s\000s\000\040\000R\000e\000f\000e\000r\000e\000n\000c\000e}{chapter.8}% 187
\BOOKMARK [2][-]{subsection.8.16.1}{\376\377\0008\000.\0001\0006\000.\0001\000\040\000D\000e\000t\000a\000i\000l\000e\000d\000\040\000D\000e\000s\000c\000r\000i\000p\000t\000i\000o\000n}{section.8.16}% 188
\BOOKMARK [2][-]{subsection.8.16.2}{\376\377\0008\000.\0001\0006\000.\0002\000\040\000C\000o\000n\000s\000t\000r\000u\000c\000t\000o\000r\000\040\000\046\000\040\000D\000e\000s\000t\000r\000u\000c\000t\000o\000r\000\040\000D\000o\000c\000u\000m\000e\000n\000t\000a\000t\000i\000o\000n}{section.8.16}% 189
\BOOKMARK [3][-]{subsubsection.8.16.2.1}{\376\377\0008\000.\0001\0006\000.\0002\000.\0001\000\040\000S\000h\000a\000p\000e\000C\000o\000n\000n\000e\000c\000t\000i\000o\000n\000P\000i\000n\000\050\000\051\000\040\000[\0001\000/\0002\000]}{subsection.8.16.2}% 190
\BOOKMARK [3][-]{subsubsection.8.16.2.2}{\376\377\0008\000.\0001\0006\000.\0002\000.\0002\000\040\000S\000h\000a\000p\000e\000C\000o\000n\000n\000e\000c\000t\000i\000o\000n\000P\000i\000n\000\050\000\051\000\040\000[\0002\000/\0002\000]}{subsection.8.16.2}% 191
\BOOKMARK [2][-]{subsection.8.16.3}{\376\377\0008\000.\0001\0006\000.\0003\000\040\000M\000e\000m\000b\000e\000r\000\040\000F\000u\000n\000c\000t\000i\000o\000n\000\040\000D\000o\000c\000u\000m\000e\000n\000t\000a\000t\000i\000o\000n}{section.8.16}% 192
\BOOKMARK [3][-]{subsubsection.8.16.3.1}{\376\377\0008\000.\0001\0006\000.\0003\000.\0001\000\040\000d\000i\000r\000e\000c\000t\000i\000o\000n\000s\000\050\000\051}{subsection.8.16.3}% 193
\BOOKMARK [3][-]{subsubsection.8.16.3.2}{\376\377\0008\000.\0001\0006\000.\0003\000.\0002\000\040\000i\000s\000E\000x\000c\000l\000u\000s\000i\000v\000e\000\050\000\051}{subsection.8.16.3}% 194
\BOOKMARK [3][-]{subsubsection.8.16.3.3}{\376\377\0008\000.\0001\0006\000.\0003\000.\0003\000\040\000p\000o\000s\000i\000t\000i\000o\000n\000\050\000\051}{subsection.8.16.3}% 195
\BOOKMARK [3][-]{subsubsection.8.16.3.4}{\376\377\0008\000.\0001\0006\000.\0003\000.\0004\000\040\000s\000e\000t\000C\000o\000n\000n\000e\000c\000t\000i\000o\000n\000C\000o\000s\000t\000\050\000\051}{subsection.8.16.3}% 196
\BOOKMARK [3][-]{subsubsection.8.16.3.5}{\376\377\0008\000.\0001\0006\000.\0003\000.\0005\000\040\000s\000e\000t\000E\000x\000c\000l\000u\000s\000i\000v\000e\000\050\000\051}{subsection.8.16.3}% 197
\BOOKMARK [1][-]{section.8.17}{\376\377\0008\000.\0001\0007\000\040\000A\000v\000o\000i\000d\000:\000:\000S\000h\000a\000p\000e\000R\000e\000f\000\040\000C\000l\000a\000s\000s\000\040\000R\000e\000f\000e\000r\000e\000n\000c\000e}{chapter.8}% 198
\BOOKMARK [2][-]{subsection.8.17.1}{\376\377\0008\000.\0001\0007\000.\0001\000\040\000D\000e\000t\000a\000i\000l\000e\000d\000\040\000D\000e\000s\000c\000r\000i\000p\000t\000i\000o\000n}{section.8.17}% 199
\BOOKMARK [2][-]{subsection.8.17.2}{\376\377\0008\000.\0001\0007\000.\0002\000\040\000C\000o\000n\000s\000t\000r\000u\000c\000t\000o\000r\000\040\000\046\000\040\000D\000e\000s\000t\000r\000u\000c\000t\000o\000r\000\040\000D\000o\000c\000u\000m\000e\000n\000t\000a\000t\000i\000o\000n}{section.8.17}% 200
\BOOKMARK [3][-]{subsubsection.8.17.2.1}{\376\377\0008\000.\0001\0007\000.\0002\000.\0001\000\040\000S\000h\000a\000p\000e\000R\000e\000f\000\050\000\051}{subsection.8.17.2}% 201
\BOOKMARK [3][-]{subsubsection.8.17.2.2}{\376\377\0008\000.\0001\0007\000.\0002\000.\0002\000\040\000\040\000S\000h\000a\000p\000e\000R\000e\000f\000\050\000\051}{subsection.8.17.2}% 202
\BOOKMARK [2][-]{subsection.8.17.3}{\376\377\0008\000.\0001\0007\000.\0003\000\040\000M\000e\000m\000b\000e\000r\000\040\000F\000u\000n\000c\000t\000i\000o\000n\000\040\000D\000o\000c\000u\000m\000e\000n\000t\000a\000t\000i\000o\000n}{section.8.17}% 203
\BOOKMARK [3][-]{subsubsection.8.17.3.1}{\376\377\0008\000.\0001\0007\000.\0003\000.\0001\000\040\000i\000d\000\050\000\051}{subsection.8.17.3}% 204
\BOOKMARK [3][-]{subsubsection.8.17.3.2}{\376\377\0008\000.\0001\0007\000.\0003\000.\0002\000\040\000p\000o\000l\000y\000g\000o\000n\000\050\000\051}{subsection.8.17.3}% 205
\BOOKMARK [3][-]{subsubsection.8.17.3.3}{\376\377\0008\000.\0001\0007\000.\0003\000.\0003\000\040\000r\000o\000u\000t\000e\000r\000\050\000\051}{subsection.8.17.3}% 206
\BOOKMARK [3][-]{subsubsection.8.17.3.4}{\376\377\0008\000.\0001\0007\000.\0003\000.\0004\000\040\000t\000r\000a\000n\000s\000f\000o\000r\000m\000C\000o\000n\000n\000e\000c\000t\000i\000o\000n\000P\000i\000n\000P\000o\000s\000i\000t\000i\000o\000n\000s\000\050\000\051}{subsection.8.17.3}% 207
\BOOKMARK [0][-]{chapter.9}{\376\377\0009\000\040\000F\000i\000l\000e\000\040\000D\000o\000c\000u\000m\000e\000n\000t\000a\000t\000i\000o\000n}{}% 208
\BOOKMARK [1][-]{section.9.1}{\376\377\0009\000.\0001\000\040\000c\000o\000n\000n\000e\000c\000t\000i\000o\000n\000p\000i\000n\000.\000h\000\040\000F\000i\000l\000e\000\040\000R\000e\000f\000e\000r\000e\000n\000c\000e}{chapter.9}% 209
\BOOKMARK [2][-]{subsection.9.1.1}{\376\377\0009\000.\0001\000.\0001\000\040\000D\000e\000t\000a\000i\000l\000e\000d\000\040\000D\000e\000s\000c\000r\000i\000p\000t\000i\000o\000n}{section.9.1}% 210
\BOOKMARK [1][-]{section.9.2}{\376\377\0009\000.\0002\000\040\000c\000o\000n\000n\000e\000c\000t\000o\000r\000.\000h\000\040\000F\000i\000l\000e\000\040\000R\000e\000f\000e\000r\000e\000n\000c\000e}{chapter.9}% 211
\BOOKMARK [2][-]{subsection.9.2.1}{\376\377\0009\000.\0002\000.\0001\000\040\000D\000e\000t\000a\000i\000l\000e\000d\000\040\000D\000e\000s\000c\000r\000i\000p\000t\000i\000o\000n}{section.9.2}% 212
\BOOKMARK [1][-]{section.9.3}{\376\377\0009\000.\0003\000\040\000c\000o\000n\000n\000e\000n\000d\000.\000h\000\040\000F\000i\000l\000e\000\040\000R\000e\000f\000e\000r\000e\000n\000c\000e}{chapter.9}% 213
\BOOKMARK [2][-]{subsection.9.3.1}{\376\377\0009\000.\0003\000.\0001\000\040\000D\000e\000t\000a\000i\000l\000e\000d\000\040\000D\000e\000s\000c\000r\000i\000p\000t\000i\000o\000n}{section.9.3}% 214
\BOOKMARK [1][-]{section.9.4}{\376\377\0009\000.\0004\000\040\000g\000e\000o\000m\000t\000y\000p\000e\000s\000.\000h\000\040\000F\000i\000l\000e\000\040\000R\000e\000f\000e\000r\000e\000n\000c\000e}{chapter.9}% 215
\BOOKMARK [2][-]{subsection.9.4.1}{\376\377\0009\000.\0004\000.\0001\000\040\000D\000e\000t\000a\000i\000l\000e\000d\000\040\000D\000e\000s\000c\000r\000i\000p\000t\000i\000o\000n}{section.9.4}% 216
\BOOKMARK [1][-]{section.9.5}{\376\377\0009\000.\0005\000\040\000h\000y\000p\000e\000r\000e\000d\000g\000e\000.\000h\000\040\000F\000i\000l\000e\000\040\000R\000e\000f\000e\000r\000e\000n\000c\000e}{chapter.9}% 217
\BOOKMARK [2][-]{subsection.9.5.1}{\376\377\0009\000.\0005\000.\0001\000\040\000D\000e\000t\000a\000i\000l\000e\000d\000\040\000D\000e\000s\000c\000r\000i\000p\000t\000i\000o\000n}{section.9.5}% 218
\BOOKMARK [1][-]{section.9.6}{\376\377\0009\000.\0006\000\040\000j\000u\000n\000c\000t\000i\000o\000n\000.\000h\000\040\000F\000i\000l\000e\000\040\000R\000e\000f\000e\000r\000e\000n\000c\000e}{chapter.9}% 219
\BOOKMARK [2][-]{subsection.9.6.1}{\376\377\0009\000.\0006\000.\0001\000\040\000D\000e\000t\000a\000i\000l\000e\000d\000\040\000D\000e\000s\000c\000r\000i\000p\000t\000i\000o\000n}{section.9.6}% 220
\BOOKMARK [1][-]{section.9.7}{\376\377\0009\000.\0007\000\040\000l\000i\000b\000a\000v\000o\000i\000d\000.\000h\000\040\000F\000i\000l\000e\000\040\000R\000e\000f\000e\000r\000e\000n\000c\000e}{chapter.9}% 221
\BOOKMARK [2][-]{subsection.9.7.1}{\376\377\0009\000.\0007\000.\0001\000\040\000D\000e\000t\000a\000i\000l\000e\000d\000\040\000D\000e\000s\000c\000r\000i\000p\000t\000i\000o\000n}{section.9.7}% 222
\BOOKMARK [1][-]{section.9.8}{\376\377\0009\000.\0008\000\040\000o\000b\000s\000t\000a\000c\000l\000e\000.\000h\000\040\000F\000i\000l\000e\000\040\000R\000e\000f\000e\000r\000e\000n\000c\000e}{chapter.9}% 223
\BOOKMARK [2][-]{subsection.9.8.1}{\376\377\0009\000.\0008\000.\0001\000\040\000D\000e\000t\000a\000i\000l\000e\000d\000\040\000D\000e\000s\000c\000r\000i\000p\000t\000i\000o\000n}{section.9.8}% 224
\BOOKMARK [1][-]{section.9.9}{\376\377\0009\000.\0009\000\040\000r\000o\000u\000t\000e\000r\000.\000h\000\040\000F\000i\000l\000e\000\040\000R\000e\000f\000e\000r\000e\000n\000c\000e}{chapter.9}% 225
\BOOKMARK [2][-]{subsection.9.9.1}{\376\377\0009\000.\0009\000.\0001\000\040\000D\000e\000t\000a\000i\000l\000e\000d\000\040\000D\000e\000s\000c\000r\000i\000p\000t\000i\000o\000n}{section.9.9}% 226
\BOOKMARK [1][-]{section.9.10}{\376\377\0009\000.\0001\0000\000\040\000s\000h\000a\000p\000e\000.\000h\000\040\000F\000i\000l\000e\000\040\000R\000e\000f\000e\000r\000e\000n\000c\000e}{chapter.9}% 227
\BOOKMARK [2][-]{subsection.9.10.1}{\376\377\0009\000.\0001\0000\000.\0001\000\040\000D\000e\000t\000a\000i\000l\000e\000d\000\040\000D\000e\000s\000c\000r\000i\000p\000t\000i\000o\000n}{section.9.10}% 228
\BOOKMARK [1][-]{section.9.11}{\376\377\0009\000.\0001\0001\000\040\000v\000i\000s\000c\000l\000u\000s\000t\000e\000r\000.\000h\000\040\000F\000i\000l\000e\000\040\000R\000e\000f\000e\000r\000e\000n\000c\000e}{chapter.9}% 229
\BOOKMARK [2][-]{subsection.9.11.1}{\376\377\0009\000.\0001\0001\000.\0001\000\040\000D\000e\000t\000a\000i\000l\000e\000d\000\040\000D\000e\000s\000c\000r\000i\000p\000t\000i\000o\000n}{section.9.11}% 230
\BOOKMARK [0][-]{section*.56}{\376\377\000I\000n\000d\000e\000x}{}% 231
